Start time: Thu Sep 14 11:42:05 CEST 2017
Model: tcrsig94.an
Inputs: cd4 cd28 tcrlig
Outputs: sre ap1 nfkb nfat sigmab
--- cd4=0, cd28=0, tcrlig=0
# sre=1
False
# ap1=1
False
# nfkb=1
False
# nfat=1
False
# sigmab=1
False
--- cd4=0, cd28=0, tcrlig=1
# sre=1
True
# ap1=1
True
# nfkb=1
False
# nfat=1
True
# sigmab=1
True
--- cd4=0, cd28=1, tcrlig=0
# sre=1
False
# ap1=1
False
# nfkb=1
False
# nfat=1
False
# sigmab=1
False
--- cd4=0, cd28=1, tcrlig=1
# sre=1
True
# ap1=1
True
# nfkb=1
False
# nfat=1
True
# sigmab=1
True
--- cd4=1, cd28=0, tcrlig=0
# sre=1
False
# ap1=1
False
# nfkb=1
False
# nfat=1
False
# sigmab=1
False
--- cd4=1, cd28=0, tcrlig=1
# sre=1
True
# ap1=1
True
# nfkb=1
False
# nfat=1
True
# sigmab=1
True
--- cd4=1, cd28=1, tcrlig=0
# sre=1
False
# ap1=1
False
# nfkb=1
False
# nfat=1
False
# sigmab=1
False
--- cd4=1, cd28=1, tcrlig=1
# sre=1
True
# ap1=1
True
# nfkb=1
False
# nfat=1
True
# sigmab=1
True
End time: Thu Sep 14 11:42:12 CEST 2017
